[2022-04-06 20:10:57] Start:DirectoryBasedAnalysisTask
GenericConfig 10.0.0 (Build:f8fa7a1c28) - (C) 2001-2021 FrontEndART Ltd.
Integrated 3rd party tool(s): SonarQube
INFO  org.jan.Main - JAN (build #f8fa7a1c28) - (C) 2001-2021 FrontEndART Ltd.
INFO  org.jan.OptionParser - JAN options:
INFO  org.jan.OptionParser -   columbusResultDir=.columbus_java
INFO  org.jan.OptionParser -   hardFilter=
INFO  org.jan.OptionParser -   messageLevel=3
INFO  org.jan.OptionParser -   xmlToEveryClass=0
INFO  org.jan.OptionParser -   needCheck=0
INFO  org.jan.OptionParser -   keepComments=1
INFO  org.jan.OptionParser -   buildAllExternal=0
INFO  org.jan.OptionParser -   buildExtFromSource=1
INFO  org.jan.OptionParser -   buildAllParentForOverrides=1
INFO  org.jan.OptionParser - Switch the log level to 3.
WARN  org.jan.Main - You must add inputs to analyze with the -i option, or in the javac argument file
INFO  org.jan.Main - Save jsi.
INFO  org.jan.ClassSaver - Saved file timestamp: 1649268658908
INFO  org.jan.Main - CPU times (s):
INFO  org.jan.Main -   Total time: 0.5
INFO  org.jan.Main -   Common jsi saving time: 0.015
INFO  org.jan.Main -   Common jml saving time: 0.0
INFO  org.jan.Main -   Small jsi saving time: 0.0
INFO  org.jan.Main - User times (s):
INFO  org.jan.Main -   Total time: 0.203
INFO  org.jan.Main -   Common jsi saving time: 0.015
INFO  org.jan.Main -   Common jml saving time: 0.0
INFO  org.jan.Main -   Small jsi saving time: 0.0
INFO  org.jan.Main - Memory statistics:
INFO  org.jan.Main -   Max total memory: 246 MB
INFO  org.jan.Main -   Max used memory: 23 MB
INFO  org.jan.Main - Other statistics:
INFO  org.jan.Main -   Analyzed files: 0
INFO  org.jan.Main -   Warnings: 1
INFO  org.jan.Main -   Errors: 0
abr. 06, 2022 8:11:00 P. M. net.sourceforge.pmd.RuleSetFactory parseRuleSetReferenceNode
WARNING: Unable to exclude rules [InvalidSlf4jMessageFormat, DoNotCallSystemExit] from ruleset reference category/java/errorprone.xml; perhaps the rule name is misspelled or the rule doesn't exist anymore?
abr. 06, 2022 8:11:00 P. M. net.sourceforge.pmd.RulesetsFactoryUtils printRuleNamesInDebug
FINER: Loaded rule DoNotExtendJavaLangThrowable
abr. 06, 2022 8:11:00 P. M. net.sourceforge.pmd.RulesetsFactoryUtils printRuleNamesInDebug
FINER: Loaded rule UseLocaleWithCaseConversions
abr. 06, 2022 8:11:00 P. M. net.sourceforge.pmd.RulesetsFactoryUtils printRuleNamesInDebug
FINER: Loaded rule ClassCastExceptionWithToArray
abr. 06, 2022 8:11:00 P. M. net.sourceforge.pmd.RulesetsFactoryUtils printRuleNamesInDebug
FINER: Loaded rule WhileLoopWithLiteralBoolean
abr. 06, 2022 8:11:00 P. M. net.sourceforge.pmd.RulesetsFactoryUtils printRuleNamesInDebug
FINER: Loaded rule DefaultPackage
abr. 06, 2022 8:11:00 P. M. net.sourceforge.pmd.RulesetsFactoryUtils printRuleNamesInDebug
FINER: Loaded rule NonThreadSafeSingleton
abr. 06, 2022 8:11:00 P. M. net.sourceforge.pmd.RulesetsFactoryUtils printRuleNamesInDebug
FINER: Loaded rule CloneMethodReturnTypeMustMatchClassName
abr. 06, 2022 8:11:00 P. M. net.sourceforge.pmd.RulesetsFactoryUtils printRuleNamesInDebug
FINER: Loaded rule BooleanInstantiation
abr. 06, 2022 8:11:00 P. M. net.sourceforge.pmd.RulesetsFactoryUtils printRuleNamesInDebug
FINER: Loaded rule UnusedAssignment
abr. 06, 2022 8:11:00 P. M. net.sourceforge.pmd.RulesetsFactoryUtils printRuleNamesInDebug
FINER: Loaded rule UncommentedEmptyConstructor
abr. 06, 2022 8:11:00 P. M. net.sourceforge.pmd.RulesetsFactoryUtils printRuleNamesInDebug
FINER: Loaded rule StaticEJBFieldShouldBeFinal
abr. 06, 2022 8:11:00 P. M. net.sourceforge.pmd.RulesetsFactoryUtils printRuleNamesInDebug
FINER: Loaded rule RemoteInterfaceNamingConvention
abr. 06, 2022 8:11:00 P. M. net.sourceforge.pmd.RulesetsFactoryUtils printRuleNamesInDebug
FINER: Loaded rule AvoidFieldNameMatchingTypeName
abr. 06, 2022 8:11:00 P. M. net.sourceforge.pmd.RulesetsFactoryUtils printRuleNamesInDebug
FINER: Loaded rule AvoidReassigningParameters
abr. 06, 2022 8:11:00 P. M. net.sourceforge.pmd.RulesetsFactoryUtils printRuleNamesInDebug
FINER: Loaded rule UseCorrectExceptionLogging
abr. 06, 2022 8:11:00 P. M. net.sourceforge.pmd.RulesetsFactoryUtils printRuleNamesInDebug
FINER: Loaded rule MethodReturnsInternalArray
abr. 06, 2022 8:11:00 P. M. net.sourceforge.pmd.RulesetsFactoryUtils printRuleNamesInDebug
FINER: Loaded rule UseVarargs
abr. 06, 2022 8:11:00 P. M. net.sourceforge.pmd.RulesetsFactoryUtils printRuleNamesInDebug
FINER: Loaded rule AvoidArrayLoops
abr. 06, 2022 8:11:00 P. M. net.sourceforge.pmd.RulesetsFactoryUtils printRuleNamesInDebug
FINER: Loaded rule EmptyFinallyBlock
abr. 06, 2022 8:11:00 P. M. net.sourceforge.pmd.RulesetsFactoryUtils printRuleNamesInDebug
FINER: Loaded rule AvoidReassigningLoopVariables
abr. 06, 2022 8:11:00 P. M. net.sourceforge.pmd.RulesetsFactoryUtils printRuleNamesInDebug
FINER: Loaded rule AvoidUsingNativeCode
abr. 06, 2022 8:11:00 P. M. net.sourceforge.pmd.RulesetsFactoryUtils printRuleNamesInDebug
FINER: Loaded rule RemoteSessionInterfaceNamingConvention
abr. 06, 2022 8:11:00 P. M. net.sourceforge.pmd.RulesetsFactoryUtils printRuleNamesInDebug
FINER: Loaded rule CloneThrowsCloneNotSupportedException
abr. 06, 2022 8:11:00 P. M. net.sourceforge.pmd.RulesetsFactoryUtils printRuleNamesInDebug
FINER: Loaded rule UnnecessaryCaseChange
abr. 06, 2022 8:11:00 P. M. net.sourceforge.pmd.RulesetsFactoryUtils printRuleNamesInDebug
FINER: Loaded rule DontCallThreadRun
abr. 06, 2022 8:11:00 P. M. net.sourceforge.pmd.RulesetsFactoryUtils printRuleNamesInDebug
FINER: Loaded rule AvoidDuplicateLiterals
abr. 06, 2022 8:11:00 P. M. net.sourceforge.pmd.RulesetsFactoryUtils printRuleNamesInDebug
FINER: Loaded rule ArrayIsStoredDirectly
abr. 06, 2022 8:11:00 P. M. net.sourceforge.pmd.RulesetsFactoryUtils printRuleNamesInDebug
FINER: Loaded rule ClassWithOnlyPrivateConstructorsShouldBeFinal
abr. 06, 2022 8:11:00 P. M. net.sourceforge.pmd.RulesetsFactoryUtils printRuleNamesInDebug
FINER: Loaded rule TestClassWithoutTestCases
abr. 06, 2022 8:11:00 P. M. net.sourceforge.pmd.RulesetsFactoryUtils printRuleNamesInDebug
FINER: Loaded rule UnsynchronizedStaticFormatter
abr. 06, 2022 8:11:00 P. M. net.sourceforge.pmd.RulesetsFactoryUtils printRuleNamesInDebug
FINER: Loaded rule FinalizeDoesNotCallSuperFinalize
abr. 06, 2022 8:11:00 P. M. net.sourceforge.pmd.RulesetsFactoryUtils printRuleNamesInDebug
FINER: Loaded rule InefficientStringBuffering
abr. 06, 2022 8:11:00 P. M. net.sourceforge.pmd.RulesetsFactoryUtils printRuleNamesInDebug
FINER: Loaded rule OptimizableToArrayCall
abr. 06, 2022 8:11:00 P. M. net.sourceforge.pmd.RulesetsFactoryUtils printRuleNamesInDebug
FINER: Loaded rule LocalHomeNamingConvention
abr. 06, 2022 8:11:00 P. M. net.sourceforge.pmd.RulesetsFactoryUtils printRuleNamesInDebug
FINER: Loaded rule UselessQualifiedThis
abr. 06, 2022 8:11:00 P. M. net.sourceforge.pmd.RulesetsFactoryUtils printRuleNamesInDebug
FINER: Loaded rule FinalizeOverloaded
abr. 06, 2022 8:11:00 P. M. net.sourceforge.pmd.RulesetsFactoryUtils printRuleNamesInDebug
FINER: Loaded rule UnusedPrivateMethod
abr. 06, 2022 8:11:00 P. M. net.sourceforge.pmd.RulesetsFactoryUtils printRuleNamesInDebug
FINER: Loaded rule UncommentedEmptyMethodBody
abr. 06, 2022 8:11:00 P. M. net.sourceforge.pmd.RulesetsFactoryUtils printRuleNamesInDebug
FINER: Loaded rule SignatureDeclareThrowsException
abr. 06, 2022 8:11:00 P. M. net.sourceforge.pmd.RulesetsFactoryUtils printRuleNamesInDebug
FINER: Loaded rule UnnecessaryLocalBeforeReturn
abr. 06, 2022 8:11:00 P. M. net.sourceforge.pmd.RulesetsFactoryUtils printRuleNamesInDebug
FINER: Loaded rule SimplifyBooleanExpressions
abr. 06, 2022 8:11:00 P. M. net.sourceforge.pmd.RulesetsFactoryUtils printRuleNamesInDebug
FINER: Loaded rule SuspiciousOctalEscape
abr. 06, 2022 8:11:00 P. M. net.sourceforge.pmd.RulesetsFactoryUtils printRuleNamesInDebug
FINER: Loaded rule ShortClassName
abr. 06, 2022 8:11:00 P. M. net.sourceforge.pmd.RulesetsFactoryUtils printRuleNamesInDebug
FINER: Loaded rule GenericsNaming
abr. 06, 2022 8:11:00 P. M. net.sourceforge.pmd.RulesetsFactoryUtils printRuleNamesInDebug
FINER: Loaded rule MissingOverride
abr. 06, 2022 8:11:00 P. M. net.sourceforge.pmd.RulesetsFactoryUtils printRuleNamesInDebug
FINER: Loaded rule UseCollectionIsEmpty
abr. 06, 2022 8:11:00 P. M. net.sourceforge.pmd.RulesetsFactoryUtils printRuleNamesInDebug
FINER: Loaded rule SimplifyConditional
abr. 06, 2022 8:11:00 P. M. net.sourceforge.pmd.RulesetsFactoryUtils printRuleNamesInDebug
FINER: Loaded rule AvoidDecimalLiteralsInBigDecimalConstructor
abr. 06, 2022 8:11:00 P. M. net.sourceforge.pmd.RulesetsFactoryUtils printRuleNamesInDebug
FINER: Loaded rule CloneMethodMustImplementCloneable
abr. 06, 2022 8:11:00 P. M. net.sourceforge.pmd.RulesetsFactoryUtils printRuleNamesInDebug
FINER: Loaded rule OneDeclarationPerLine
abr. 06, 2022 8:11:00 P. M. net.sourceforge.pmd.RulesetsFactoryUtils printRuleNamesInDebug
FINER: Loaded rule CheckResultSet
abr. 06, 2022 8:11:00 P. M. net.sourceforge.pmd.RulesetsFactoryUtils printRuleNamesInDebug
FINER: Loaded rule LooseCoupling
abr. 06, 2022 8:11:00 P. M. net.sourceforge.pmd.RulesetsFactoryUtils printRuleNamesInDebug
FINER: Loaded rule AvoidThrowingNewInstanceOfSameException
abr. 06, 2022 8:11:00 P. M. net.sourceforge.pmd.RulesetsFactoryUtils printRuleNamesInDebug
FINER: Loaded rule AvoidLosingExceptionInformation
abr. 06, 2022 8:11:00 P. M. net.sourceforge.pmd.RulesetsFactoryUtils printRuleNamesInDebug
FINER: Loaded rule BadComparison
abr. 06, 2022 8:11:00 P. M. net.sourceforge.pmd.RulesetsFactoryUtils printRuleNamesInDebug
FINER: Loaded rule NonCaseLabelInSwitchStatement
abr. 06, 2022 8:11:00 P. M. net.sourceforge.pmd.RulesetsFactoryUtils printRuleNamesInDebug
FINER: Loaded rule IdenticalCatchBranches
abr. 06, 2022 8:11:00 P. M. net.sourceforge.pmd.RulesetsFactoryUtils printRuleNamesInDebug
FINER: Loaded rule AvoidReassigningCatchVariables
abr. 06, 2022 8:11:00 P. M. net.sourceforge.pmd.RulesetsFactoryUtils printRuleNamesInDebug
FINER: Loaded rule ConstantsInInterface
abr. 06, 2022 8:11:00 P. M. net.sourceforge.pmd.RulesetsFactoryUtils printRuleNamesInDebug
FINER: Loaded rule DetachedTestCase
abr. 06, 2022 8:11:00 P. M. net.sourceforge.pmd.RulesetsFactoryUtils printRuleNamesInDebug
FINER: Loaded rule EmptyCatchBlock
abr. 06, 2022 8:11:00 P. M. net.sourceforge.pmd.RulesetsFactoryUtils printRuleNamesInDebug
FINER: Loaded rule DefaultLabelNotLastInSwitchStmt
abr. 06, 2022 8:11:00 P. M. net.sourceforge.pmd.RulesetsFactoryUtils printRuleNamesInDebug
FINER: Loaded rule GuardLogStatement
abr. 06, 2022 8:11:00 P. M. net.sourceforge.pmd.RulesetsFactoryUtils printRuleNamesInDebug
FINER: Loaded rule DuplicateImports
abr. 06, 2022 8:11:00 P. M. net.sourceforge.pmd.RulesetsFactoryUtils printRuleNamesInDebug
FINER: Loaded rule UseArrayListInsteadOfVector
abr. 06, 2022 8:11:00 P. M. net.sourceforge.pmd.RulesetsFactoryUtils printRuleNamesInDebug
FINER: Loaded rule MethodWithSameNameAsEnclosingClass
abr. 06, 2022 8:11:00 P. M. net.sourceforge.pmd.RulesetsFactoryUtils printRuleNamesInDebug
FINER: Loaded rule RedundantFieldInitializer
abr. 06, 2022 8:11:00 P. M. net.sourceforge.pmd.RulesetsFactoryUtils printRuleNamesInDebug
FINER: Loaded rule DontImportJavaLang
abr. 06, 2022 8:11:00 P. M. net.sourceforge.pmd.RulesetsFactoryUtils printRuleNamesInDebug
FINER: Loaded rule MDBAndSessionBeanNamingConvention
abr. 06, 2022 8:11:00 P. M. net.sourceforge.pmd.RulesetsFactoryUtils printRuleNamesInDebug
FINER: Loaded rule AvoidMessageDigestField
abr. 06, 2022 8:11:00 P. M. net.sourceforge.pmd.RulesetsFactoryUtils printRuleNamesInDebug
FINER: Loaded rule EmptyWhileStmt
abr. 06, 2022 8:11:00 P. M. net.sourceforge.pmd.RulesetsFactoryUtils printRuleNamesInDebug
FINER: Loaded rule InvalidLogMessageFormat
abr. 06, 2022 8:11:00 P. M. net.sourceforge.pmd.RulesetsFactoryUtils printRuleNamesInDebug
FINER: Loaded rule AvoidUsingHardCodedIP
abr. 06, 2022 8:11:00 P. M. net.sourceforge.pmd.RulesetsFactoryUtils printRuleNamesInDebug
FINER: Loaded rule InsecureCryptoIv
abr. 06, 2022 8:11:00 P. M. net.sourceforge.pmd.RulesetsFactoryUtils printRuleNamesInDebug
FINER: Loaded rule AvoidCatchingThrowable
abr. 06, 2022 8:11:00 P. M. net.sourceforge.pmd.RulesetsFactoryUtils printRuleNamesInDebug
FINER: Loaded rule ProperCloneImplementation
abr. 06, 2022 8:11:00 P. M. net.sourceforge.pmd.RulesetsFactoryUtils printRuleNamesInDebug
FINER: Loaded rule DoNotTerminateVM
abr. 06, 2022 8:11:00 P. M. net.sourceforge.pmd.RulesetsFactoryUtils printRuleNamesInDebug
FINER: Loaded rule EqualsNull
abr. 06, 2022 8:11:00 P. M. net.sourceforge.pmd.RulesetsFactoryUtils printRuleNamesInDebug
FINER: Loaded rule AvoidFileStream
abr. 06, 2022 8:11:00 P. M. net.sourceforge.pmd.RulesetsFactoryUtils printRuleNamesInDebug
FINER: Loaded rule LocalInterfaceSessionNamingConvention
abr. 06, 2022 8:11:00 P. M. net.sourceforge.pmd.RulesetsFactoryUtils printRuleNamesInDebug
FINER: Loaded rule UnusedPrivateField
abr. 06, 2022 8:11:00 P. M. net.sourceforge.pmd.RulesetsFactoryUtils printRuleNamesInDebug
FINER: Loaded rule AvoidMultipleUnaryOperators
abr. 06, 2022 8:11:00 P. M. net.sourceforge.pmd.RulesetsFactoryUtils printRuleNamesInDebug
FINER: Loaded rule MisplacedNullCheck
abr. 06, 2022 8:11:00 P. M. net.sourceforge.pmd.RulesetsFactoryUtils printRuleNamesInDebug
FINER: Loaded rule AvoidRethrowingException
abr. 06, 2022 8:11:00 P. M. net.sourceforge.pmd.RulesetsFactoryUtils printRuleNamesInDebug
FINER: Loaded rule NonStaticInitializer
abr. 06, 2022 8:11:00 P. M. net.sourceforge.pmd.RulesetsFactoryUtils printRuleNamesInDebug
FINER: Loaded rule BrokenNullCheck
abr. 06, 2022 8:11:00 P. M. net.sourceforge.pmd.RulesetsFactoryUtils printRuleNamesInDebug
FINER: Loaded rule SuspiciousHashcodeMethodName
abr. 06, 2022 8:11:00 P. M. net.sourceforge.pmd.RulesetsFactoryUtils printRuleNamesInDebug
FINER: Loaded rule AvoidInstanceofChecksInCatchClause
abr. 06, 2022 8:11:00 P. M. net.sourceforge.pmd.RulesetsFactoryUtils printRuleNamesInDebug
FINER: Loaded rule UnusedLocalVariable
abr. 06, 2022 8:11:00 P. M. net.sourceforge.pmd.RulesetsFactoryUtils printRuleNamesInDebug
FINER: Loaded rule AvoidThrowingNullPointerException
abr. 06, 2022 8:11:00 P. M. net.sourceforge.pmd.RulesetsFactoryUtils printRuleNamesInDebug
FINER: Loaded rule UnnecessaryFullyQualifiedName
abr. 06, 2022 8:11:00 P. M. net.sourceforge.pmd.RulesetsFactoryUtils printRuleNamesInDebug
FINER: Loaded rule JUnitSpelling
abr. 06, 2022 8:11:00 P. M. net.sourceforge.pmd.RulesetsFactoryUtils printRuleNamesInDebug
FINER: Loaded rule AvoidProtectedMethodInFinalClassNotExtending
abr. 06, 2022 8:11:00 P. M. net.sourceforge.pmd.RulesetsFactoryUtils printRuleNamesInDebug
FINER: Loaded rule EmptySynchronizedBlock
abr. 06, 2022 8:11:00 P. M. net.sourceforge.pmd.RulesetsFactoryUtils printRuleNamesInDebug
FINER: Loaded rule ConsecutiveLiteralAppends
abr. 06, 2022 8:11:00 P. M. net.sourceforge.pmd.RulesetsFactoryUtils printRuleNamesInDebug
FINER: Loaded rule SingletonClassReturningNewInstance
abr. 06, 2022 8:11:00 P. M. net.sourceforge.pmd.RulesetsFactoryUtils printRuleNamesInDebug
FINER: Loaded rule BooleanGetMethodName
abr. 06, 2022 8:11:00 P. M. net.sourceforge.pmd.RulesetsFactoryUtils printRuleNamesInDebug
FINER: Loaded rule StringBufferInstantiationWithChar
abr. 06, 2022 8:11:00 P. M. net.sourceforge.pmd.RulesetsFactoryUtils printRuleNamesInDebug
FINER: Loaded rule UnusedNullCheckInEquals
abr. 06, 2022 8:11:00 P. M. net.sourceforge.pmd.RulesetsFactoryUtils printRuleNamesInDebug
FINER: Loaded rule MissingStaticMethodInNonInstantiatableClass
abr. 06, 2022 8:11:00 P. M. net.sourceforge.pmd.RulesetsFactoryUtils printRuleNamesInDebug
FINER: Loaded rule UseAssertTrueInsteadOfAssertEquals
abr. 06, 2022 8:11:00 P. M. net.sourceforge.pmd.RulesetsFactoryUtils printRuleNamesInDebug
FINER: Loaded rule UnnecessaryCast
abr. 06, 2022 8:11:00 P. M. net.sourceforge.pmd.RulesetsFactoryUtils printRuleNamesInDebug
FINER: Loaded rule AvoidBranchingStatementAsLastInLoop
abr. 06, 2022 8:11:00 P. M. net.sourceforge.pmd.RulesetsFactoryUtils printRuleNamesInDebug
FINER: Loaded rule DoubleCheckedLocking
abr. 06, 2022 8:11:00 P. M. net.sourceforge.pmd.RulesetsFactoryUtils printRuleNamesInDebug
FINER: Loaded rule JUnitStaticSuite
abr. 06, 2022 8:11:00 P. M. net.sourceforge.pmd.RulesetsFactoryUtils printRuleNamesInDebug
FINER: Loaded rule UnnecessaryConversionTemporary
abr. 06, 2022 8:11:00 P. M. net.sourceforge.pmd.RulesetsFactoryUtils printRuleNamesInDebug
FINER: Loaded rule AvoidAccessibilityAlteration
abr. 06, 2022 8:11:00 P. M. net.sourceforge.pmd.RulesetsFactoryUtils printRuleNamesInDebug
FINER: Loaded rule UseNotifyAllInsteadOfNotify
abr. 06, 2022 8:11:00 P. M. net.sourceforge.pmd.RulesetsFactoryUtils printRuleNamesInDebug
FINER: Loaded rule ImportFromSamePackage
abr. 06, 2022 8:11:00 P. M. net.sourceforge.pmd.RulesetsFactoryUtils printRuleNamesInDebug
FINER: Loaded rule PreserveStackTrace
abr. 06, 2022 8:11:00 P. M. net.sourceforge.pmd.RulesetsFactoryUtils printRuleNamesInDebug
FINER: Loaded rule AvoidCalendarDateCreation
abr. 06, 2022 8:11:00 P. M. net.sourceforge.pmd.RulesetsFactoryUtils printRuleNamesInDebug
FINER: Loaded rule JumbledIncrementer
abr. 06, 2022 8:11:00 P. M. net.sourceforge.pmd.RulesetsFactoryUtils printRuleNamesInDebug
FINER: Loaded rule AvoidCallingFinalize
abr. 06, 2022 8:11:00 P. M. net.sourceforge.pmd.RulesetsFactoryUtils printRuleNamesInDebug
FINER: Loaded rule DoNotThrowExceptionInFinally
abr. 06, 2022 8:11:00 P. M. net.sourceforge.pmd.RulesetsFactoryUtils printRuleNamesInDebug
FINER: Loaded rule UseArraysAsList
abr. 06, 2022 8:11:00 P. M. net.sourceforge.pmd.RulesetsFactoryUtils printRuleNamesInDebug
FINER: Loaded rule ForLoopVariableCount
abr. 06, 2022 8:11:00 P. M. net.sourceforge.pmd.RulesetsFactoryUtils printRuleNamesInDebug
FINER: Loaded rule ImmutableField
abr. 06, 2022 8:11:00 P. M. net.sourceforge.pmd.RulesetsFactoryUtils printRuleNamesInDebug
FINER: Loaded rule SingularField
abr. 06, 2022 8:11:00 P. M. net.sourceforge.pmd.RulesetsFactoryUtils printRuleNamesInDebug
FINER: Loaded rule MissingSerialVersionUID
abr. 06, 2022 8:11:00 P. M. net.sourceforge.pmd.RulesetsFactoryUtils printRuleNamesInDebug
FINER: Loaded rule AvoidUsingOctalValues
abr. 06, 2022 8:11:00 P. M. net.sourceforge.pmd.RulesetsFactoryUtils printRuleNamesInDebug
FINER: Loaded rule AvoidDollarSigns
abr. 06, 2022 8:11:00 P. M. net.sourceforge.pmd.RulesetsFactoryUtils printRuleNamesInDebug
FINER: Loaded rule AvoidProtectedFieldInFinalClass
abr. 06, 2022 8:11:00 P. M. net.sourceforge.pmd.RulesetsFactoryUtils printRuleNamesInDebug
FINER: Loaded rule ShortMethodName
abr. 06, 2022 8:11:00 P. M. net.sourceforge.pmd.RulesetsFactoryUtils printRuleNamesInDebug
FINER: Loaded rule EmptyMethodInAbstractClassShouldBeAbstract
abr. 06, 2022 8:11:00 P. M. net.sourceforge.pmd.RulesetsFactoryUtils printRuleNamesInDebug
FINER: Loaded rule UnnecessaryModifier
abr. 06, 2022 8:11:00 P. M. net.sourceforge.pmd.RulesetsFactoryUtils printRuleNamesInDebug
FINER: Loaded rule SingleMethodSingleton
abr. 06, 2022 8:11:00 P. M. net.sourceforge.pmd.RulesetsFactoryUtils printRuleNamesInDebug
FINER: Loaded rule FinalizeOnlyCallsSuperFinalize
abr. 06, 2022 8:11:00 P. M. net.sourceforge.pmd.RulesetsFactoryUtils printRuleNamesInDebug
FINER: Loaded rule ReturnEmptyArrayRatherThanNull
abr. 06, 2022 8:11:00 P. M. net.sourceforge.pmd.RulesetsFactoryUtils printRuleNamesInDebug
FINER: Loaded rule UnnecessaryConstructor
abr. 06, 2022 8:11:00 P. M. net.sourceforge.pmd.RulesetsFactoryUtils printRuleNamesInDebug
FINER: Loaded rule UseTryWithResources
abr. 06, 2022 8:11:00 P. M. net.sourceforge.pmd.RulesetsFactoryUtils printRuleNamesInDebug
FINER: Loaded rule UselessOperationOnImmutable
abr. 06, 2022 8:11:00 P. M. net.sourceforge.pmd.RulesetsFactoryUtils printRuleNamesInDebug
FINER: Loaded rule ExtendsObject
abr. 06, 2022 8:11:00 P. M. net.sourceforge.pmd.RulesetsFactoryUtils printRuleNamesInDebug
FINER: Loaded rule UnnecessaryAnnotationValueElement
abr. 06, 2022 8:11:00 P. M. net.sourceforge.pmd.RulesetsFactoryUtils printRuleNamesInDebug
FINER: Loaded rule AssignmentInOperand
abr. 06, 2022 8:11:00 P. M. net.sourceforge.pmd.RulesetsFactoryUtils printRuleNamesInDebug
FINER: Loaded rule AvoidPrintStackTrace
abr. 06, 2022 8:11:00 P. M. net.sourceforge.pmd.RulesetsFactoryUtils printRuleNamesInDebug
FINER: Loaded rule AvoidCatchingNPE
abr. 06, 2022 8:11:00 P. M. net.sourceforge.pmd.RulesetsFactoryUtils printRuleNamesInDebug
FINER: Loaded rule ConstructorCallsOverridableMethod
abr. 06, 2022 8:11:00 P. M. net.sourceforge.pmd.RulesetsFactoryUtils printRuleNamesInDebug
FINER: Loaded rule UnnecessaryBooleanAssertion
abr. 06, 2022 8:11:00 P. M. net.sourceforge.pmd.RulesetsFactoryUtils printRuleNamesInDebug
FINER: Loaded rule ForLoopCanBeForeach
abr. 06, 2022 8:11:00 P. M. net.sourceforge.pmd.RulesetsFactoryUtils printRuleNamesInDebug
FINER: Loaded rule LiteralsFirstInComparisons
abr. 06, 2022 8:11:00 P. M. net.sourceforge.pmd.RulesetsFactoryUtils printRuleNamesInDebug
FINER: Loaded rule DoNotExtendJavaLangError
abr. 06, 2022 8:11:00 P. M. net.sourceforge.pmd.RulesetsFactoryUtils printRuleNamesInDebug
FINER: Loaded rule SimplifiedTernary
abr. 06, 2022 8:11:00 P. M. net.sourceforge.pmd.RulesetsFactoryUtils printRuleNamesInDebug
FINER: Loaded rule ReturnFromFinallyBlock
abr. 06, 2022 8:11:00 P. M. net.sourceforge.pmd.RulesetsFactoryUtils printRuleNamesInDebug
FINER: Loaded rule AbstractClassWithoutAnyMethod
abr. 06, 2022 8:11:00 P. M. net.sourceforge.pmd.RulesetsFactoryUtils printRuleNamesInDebug
FINER: Loaded rule AvoidThrowingRawExceptionTypes
abr. 06, 2022 8:11:00 P. M. net.sourceforge.pmd.RulesetsFactoryUtils printRuleNamesInDebug
FINER: Loaded rule CollapsibleIfStatements
abr. 06, 2022 8:11:00 P. M. net.sourceforge.pmd.RulesetsFactoryUtils printRuleNamesInDebug
FINER: Loaded rule AccessorMethodGeneration
abr. 06, 2022 8:11:00 P. M. net.sourceforge.pmd.RulesetsFactoryUtils printRuleNamesInDebug
FINER: Loaded rule CheckSkipResult
abr. 06, 2022 8:11:00 P. M. net.sourceforge.pmd.RulesetsFactoryUtils printRuleNamesInDebug
FINER: Loaded rule DataClass
abr. 06, 2022 8:11:00 P. M. net.sourceforge.pmd.RulesetsFactoryUtils printRuleNamesInDebug
FINER: Loaded rule CloneMethodMustBePublic
abr. 06, 2022 8:11:00 P. M. net.sourceforge.pmd.RulesetsFactoryUtils printRuleNamesInDebug
FINER: Loaded rule FinalizeShouldBeProtected
abr. 06, 2022 8:11:00 P. M. net.sourceforge.pmd.RulesetsFactoryUtils printRuleNamesInDebug
FINER: Loaded rule AssignmentToNonFinalStatic
abr. 06, 2022 8:11:00 P. M. net.sourceforge.pmd.RulesetsFactoryUtils printRuleNamesInDebug
FINER: Loaded rule AvoidSynchronizedAtMethodLevel
abr. 06, 2022 8:11:00 P. M. net.sourceforge.pmd.RulesetsFactoryUtils printRuleNamesInDebug
FINER: Loaded rule NoPackage
abr. 06, 2022 8:11:00 P. M. net.sourceforge.pmd.RulesetsFactoryUtils printRuleNamesInDebug
FINER: Loaded rule IdempotentOperations
abr. 06, 2022 8:11:00 P. M. net.sourceforge.pmd.RulesetsFactoryUtils printRuleNamesInDebug
FINER: Loaded rule JUnitTestContainsTooManyAsserts
abr. 06, 2022 8:11:00 P. M. net.sourceforge.pmd.RulesetsFactoryUtils printRuleNamesInDebug
FINER: Loaded rule JUnitTestsShouldIncludeAssert
abr. 06, 2022 8:11:00 P. M. net.sourceforge.pmd.RulesetsFactoryUtils printRuleNamesInDebug
FINER: Loaded rule CloseResource
abr. 06, 2022 8:11:00 P. M. net.sourceforge.pmd.RulesetsFactoryUtils printRuleNamesInDebug
FINER: Loaded rule DontImportSun
abr. 06, 2022 8:11:00 P. M. net.sourceforge.pmd.RulesetsFactoryUtils printRuleNamesInDebug
FINER: Loaded rule StringToString
abr. 06, 2022 8:11:00 P. M. net.sourceforge.pmd.RulesetsFactoryUtils printRuleNamesInDebug
FINER: Loaded rule UseEqualsToCompareStrings
abr. 06, 2022 8:11:00 P. M. net.sourceforge.pmd.RulesetsFactoryUtils printRuleNamesInDebug
FINER: Loaded rule UseDiamondOperator
abr. 06, 2022 8:11:00 P. M. net.sourceforge.pmd.RulesetsFactoryUtils printRuleNamesInDebug
FINER: Loaded rule AddEmptyString
abr. 06, 2022 8:11:00 P. M. net.sourceforge.pmd.RulesetsFactoryUtils printRuleNamesInDebug
FINER: Loaded rule BigIntegerInstantiation
abr. 06, 2022 8:11:00 P. M. net.sourceforge.pmd.RulesetsFactoryUtils printRuleNamesInDebug
FINER: Loaded rule JUnitAssertionsShouldIncludeMessage
abr. 06, 2022 8:11:00 P. M. net.sourceforge.pmd.RulesetsFactoryUtils printRuleNamesInDebug
FINER: Loaded rule UselessOverridingMethod
abr. 06, 2022 8:11:00 P. M. net.sourceforge.pmd.RulesetsFactoryUtils printRuleNamesInDebug
FINER: Loaded rule SimpleDateFormatNeedsLocale
abr. 06, 2022 8:11:00 P. M. net.sourceforge.pmd.RulesetsFactoryUtils printRuleNamesInDebug
FINER: Loaded rule SimplifyBooleanAssertion
abr. 06, 2022 8:11:00 P. M. net.sourceforge.pmd.RulesetsFactoryUtils printRuleNamesInDebug
FINER: Loaded rule EmptyFinalizer
abr. 06, 2022 8:11:00 P. M. net.sourceforge.pmd.RulesetsFactoryUtils printRuleNamesInDebug
FINER: Loaded rule FieldDeclarationsShouldBeAtStartOfClass
abr. 06, 2022 8:11:00 P. M. net.sourceforge.pmd.RulesetsFactoryUtils printRuleNamesInDebug
FINER: Loaded rule UseIOStreamsWithApacheCommonsFileItem
abr. 06, 2022 8:11:00 P. M. net.sourceforge.pmd.RulesetsFactoryUtils printRuleNamesInDebug
FINER: Loaded rule DontUseFloatTypeForLoopIndices
abr. 06, 2022 8:11:00 P. M. net.sourceforge.pmd.RulesetsFactoryUtils printRuleNamesInDebug
FINER: Loaded rule SuspiciousEqualsMethodName
abr. 06, 2022 8:11:00 P. M. net.sourceforge.pmd.RulesetsFactoryUtils printRuleNamesInDebug
FINER: Loaded rule UseAssertSameInsteadOfAssertTrue
abr. 06, 2022 8:11:00 P. M. net.sourceforge.pmd.RulesetsFactoryUtils printRuleNamesInDebug
FINER: Loaded rule ProperLogger
abr. 06, 2022 8:11:00 P. M. net.sourceforge.pmd.RulesetsFactoryUtils printRuleNamesInDebug
FINER: Loaded rule PackageCase
abr. 06, 2022 8:11:00 P. M. net.sourceforge.pmd.RulesetsFactoryUtils printRuleNamesInDebug
FINER: Loaded rule LogicInversion
abr. 06, 2022 8:11:00 P. M. net.sourceforge.pmd.RulesetsFactoryUtils printRuleNamesInDebug
FINER: Loaded rule UnconditionalIfStatement
abr. 06, 2022 8:11:00 P. M. net.sourceforge.pmd.RulesetsFactoryUtils printRuleNamesInDebug
FINER: Loaded rule SimplifyBooleanReturns
abr. 06, 2022 8:11:00 P. M. net.sourceforge.pmd.RulesetsFactoryUtils printRuleNamesInDebug
FINER: Loaded rule ForLoopShouldBeWhileLoop
abr. 06, 2022 8:11:00 P. M. net.sourceforge.pmd.RulesetsFactoryUtils printRuleNamesInDebug
FINER: Loaded rule TooFewBranchesForASwitchStatement
abr. 06, 2022 8:11:00 P. M. net.sourceforge.pmd.RulesetsFactoryUtils printRuleNamesInDebug
FINER: Loaded rule FinalFieldCouldBeStatic
abr. 06, 2022 8:11:00 P. M. net.sourceforge.pmd.RulesetsFactoryUtils printRuleNamesInDebug
FINER: Loaded rule UseAssertNullInsteadOfAssertTrue
abr. 06, 2022 8:11:00 P. M. net.sourceforge.pmd.RulesetsFactoryUtils printRuleNamesInDebug
FINER: Loaded rule MissingBreakInSwitch
abr. 06, 2022 8:11:00 P. M. net.sourceforge.pmd.RulesetsFactoryUtils printRuleNamesInDebug
FINER: Loaded rule StringInstantiation
abr. 06, 2022 8:11:00 P. M. net.sourceforge.pmd.RulesetsFactoryUtils printRuleNamesInDebug
FINER: Loaded rule OverrideBothEqualsAndHashcode
abr. 06, 2022 8:11:00 P. M. net.sourceforge.pmd.RulesetsFactoryUtils printRuleNamesInDebug
FINER: Loaded rule AvoidFieldNameMatchingMethodName
abr. 06, 2022 8:11:00 P. M. net.sourceforge.pmd.RulesetsFactoryUtils printRuleNamesInDebug
FINER: Loaded rule EmptyTryBlock
abr. 06, 2022 8:11:00 P. M. net.sourceforge.pmd.RulesetsFactoryUtils printRuleNamesInDebug
FINER: Loaded rule ExceptionAsFlowControl
abr. 06, 2022 8:11:00 P. M. net.sourceforge.pmd.RulesetsFactoryUtils printRuleNamesInDebug
FINER: Loaded rule DoNotCallGarbageCollectionExplicitly
abr. 06, 2022 8:11:00 P. M. net.sourceforge.pmd.RulesetsFactoryUtils printRuleNamesInDebug
FINER: Loaded rule AvoidThreadGroup
abr. 06, 2022 8:11:00 P. M. net.sourceforge.pmd.RulesetsFactoryUtils printRuleNamesInDebug
FINER: Loaded rule SwitchStmtsShouldHaveDefault
abr. 06, 2022 8:11:00 P. M. net.sourceforge.pmd.RulesetsFactoryUtils printRuleNamesInDebug
FINER: Loaded rule HardCodedCryptoKey
abr. 06, 2022 8:11:00 P. M. net.sourceforge.pmd.RulesetsFactoryUtils printRuleNamesInDebug
FINER: Loaded rule InstantiationToGetClass
abr. 06, 2022 8:11:00 P. M. net.sourceforge.pmd.RulesetsFactoryUtils printRuleNamesInDebug
FINER: Loaded rule AbstractClassWithoutAbstractMethod
abr. 06, 2022 8:11:00 P. M. net.sourceforge.pmd.RulesetsFactoryUtils printRuleNamesInDebug
FINER: Loaded rule EmptySwitchStatements
abr. 06, 2022 8:11:00 P. M. net.sourceforge.pmd.RulesetsFactoryUtils printRuleNamesInDebug
FINER: Loaded rule UseUnderscoresInNumericLiterals
abr. 06, 2022 8:11:00 P. M. net.sourceforge.pmd.RulesetsFactoryUtils printRuleNamesInDebug
FINER: Loaded rule SystemPrintln
abr. 06, 2022 8:11:00 P. M. net.sourceforge.pmd.RulesetsFactoryUtils printRuleNamesInDebug
FINER: Loaded rule EmptyStatementBlock
abr. 06, 2022 8:11:00 P. M. net.sourceforge.pmd.RulesetsFactoryUtils printRuleNamesInDebug
FINER: Loaded rule MoreThanOneLogger
abr. 06, 2022 8:11:00 P. M. net.sourceforge.pmd.RulesetsFactoryUtils printRuleNamesInDebug
FINER: Loaded rule EmptyStatementNotInLoop
abr. 06, 2022 8:11:00 P. M. net.sourceforge.pmd.RulesetsFactoryUtils printRuleNamesInDebug
FINER: Loaded rule ConsecutiveAppendsShouldReuse
abr. 06, 2022 8:11:00 P. M. net.sourceforge.pmd.RulesetsFactoryUtils printRuleNamesInDebug
FINER: Loaded rule UnusedImports
abr. 06, 2022 8:11:00 P. M. net.sourceforge.pmd.RulesetsFactoryUtils printRuleNamesInDebug
FINER: Loaded rule AvoidCatchingGenericException
abr. 06, 2022 8:11:00 P. M. net.sourceforge.pmd.RulesetsFactoryUtils printRuleNamesInDebug
FINER: Loaded rule UnnecessaryWrapperObjectCreation
abr. 06, 2022 8:11:00 P. M. net.sourceforge.pmd.RulesetsFactoryUtils printRuleNamesInDebug
FINER: Loaded rule UseShortArrayInitializer
abr. 06, 2022 8:11:00 P. M. net.sourceforge.pmd.RulesetsFactoryUtils printRuleNamesInDebug
FINER: Loaded rule TooManyStaticImports
abr. 06, 2022 8:11:00 P. M. net.sourceforge.pmd.RulesetsFactoryUtils printRuleNamesInDebug
FINER: Loaded rule UseStringBufferForStringAppends
abr. 06, 2022 8:11:00 P. M. net.sourceforge.pmd.RulesetsFactoryUtils printRuleNamesInDebug
FINER: Loaded rule EmptyIfStmt
abr. 06, 2022 8:11:00 P. M. net.sourceforge.pmd.RulesetsFactoryUtils printRuleNamesInDebug
FINER: Loaded rule AvoidStringBufferField
abr. 06, 2022 8:11:00 P. M. net.sourceforge.pmd.RulesetsFactoryUtils printRuleNamesInDebug
FINER: Loaded rule UseAssertEqualsInsteadOfAssertTrue
abr. 06, 2022 8:11:00 P. M. net.sourceforge.pmd.RulesetsFactoryUtils printRuleNamesInDebug
FINER: Loaded rule ControlStatementBraces
abr. 06, 2022 8:11:00 P. M. net.sourceforge.pmd.RulesetsFactoryUtils printRuleNamesInDebug
FINER: Loaded rule AvoidUncheckedExceptionsInSignatures
abr. 06, 2022 8:11:00 P. M. net.sourceforge.pmd.RulesetsFactoryUtils printRuleNamesInDebug
FINER: Loaded rule DoubleBraceInitialization
abr. 06, 2022 8:11:00 P. M. net.sourceforge.pmd.PMD getApplicableLanguages
FINE: Using Java version: Java 16
abr. 06, 2022 8:11:00 P. M. net.sourceforge.pmd.PMD encourageToUseIncrementalAnalysis
WARNING: This analysis could be faster, please consider using Incremental Analysis: https://pmd.github.io/pmd-6.32.0/pmd_userdocs_incremental_analysis.html
[2022-04-06 20:11:00] End:DirectoryBasedAnalysisTask Result:OK
