[2022-04-06 20:11:00] Start:FindBugsTask
Exception in thread "main" java.io.FileNotFoundException: phpmyadmin-RELEASE_5_1_3.txt (El sistema no puede encontrar el archivo especificado)
	at java.base/java.io.FileInputStream.open0(Native Method)
	at java.base/java.io.FileInputStream.open(FileInputStream.java:219)
	at java.base/java.io.FileInputStream.<init>(FileInputStream.java:157)
	at java.base/java.io.FileInputStream.<init>(FileInputStream.java:112)
	at edu.umd.cs.findbugs.charsets.UTF8.fileReader(UTF8.java:97)
	at edu.umd.cs.findbugs.TextUICommandLine.handleAnalyzeFromFile(TextUICommandLine.java:762)
	at edu.umd.cs.findbugs.TextUICommandLine.handleOptionWithArgument(TextUICommandLine.java:553)
	at edu.umd.cs.findbugs.config.CommandLine.parse(CommandLine.java:334)
	at edu.umd.cs.findbugs.config.CommandLine.parse(CommandLine.java:298)
	at edu.umd.cs.findbugs.FindBugs.processCommandLine(FindBugs.java:345)
	at edu.umd.cs.findbugs.FindBugs2.main(FindBugs2.java:1221)
	at edu.umd.cs.findbugs.LaunchAppropriateUI.launch(LaunchAppropriateUI.java:106)
	at edu.umd.cs.findbugs.LaunchAppropriateUI.main(LaunchAppropriateUI.java:198)
FindBugs2Graph 10.0.0 (Build:f8fa7a1c28) - (C) 2001-2021 FrontEndART Ltd.
Integrated 3rd party tool(s): SonarQube
Loading LIM ASG file "C:\GIT\pris2\SourceMeter\joa102\phpmyadmin-RELEASE_5_1_3-joa102\java\2022-04-06-20-10-57\sourcemeter\asg\phpmyadmin-RELEASE_5_1_3-joa102.lim"
Loading filter file "C:\GIT\pris2\SourceMeter\joa102\phpmyadmin-RELEASE_5_1_3-joa102\java\2022-04-06-20-10-57\sourcemeter\asg\phpmyadmin-RELEASE_5_1_3-joa102.flim"
Using configuration: "Default"
ERROR: Exception at parse C:\GIT\pris2\SourceMeter\joa102\phpmyadmin-RELEASE_5_1_3-joa102\java\2022-04-06-20-10-57\sourcemeter\temp\phpmyadmin-RELEASE_5_1_3-joa102-FindBugs.xml file: unable to open primary document entity 'C:\GIT\pris2\SourceMeter\joa102\phpmyadmin-RELEASE_5_1_3-joa102\java\2022-04-06-20-10-57\sourcemeter\temp\phpmyadmin-RELEASE_5_1_3-joa102-FindBugs.xml'
[2022-04-06 20:11:03] End:FindBugsTask Result:OK
